0 info it worked if it ends with ok
1 verbose cli [ 'C:\\Program Files\\nodejs\\node.exe',
1 verbose cli   'C:\\Program Files\\nodejs\\node_modules\\npm\\bin\\npm-cli.js',
1 verbose cli   'start' ]
2 info using npm@3.10.9
3 info using node@v7.1.0
4 verbose run-script [ 'prestart', 'start', 'poststart' ]
5 info lifecycle microblog@0.0.0~prestart: microblog@0.0.0
6 silly lifecycle microblog@0.0.0~prestart: no script for prestart, continuing
7 info lifecycle microblog@0.0.0~start: microblog@0.0.0
8 verbose lifecycle microblog@0.0.0~start: unsafe-perm in lifecycle true
9 verbose lifecycle microblog@0.0.0~start: PATH: C:\Program Files\nodejs\node_modules\npm\bin\node-gyp-bin;F:\shareFrome\WebDev\JavaScrit_Base\NodeJS\microblog\node_modules\.bin;C:\Users\Jacker\AppData\Local\GitHub\PortableGit_f02737a78695063deace08e96d5042710d3e32db\cmd;C:\Users\Jacker\AppData\Local\GitHub\PortableGit_f02737a78695063deace08e96d5042710d3e32db\usr\bin;C:\Users\Jacker\AppData\Local\GitHub\PortableGit_f02737a78695063deace08e96d5042710d3e32db\usr\share\git-tfs;C:\Users\Jacker\AppData\Local\Apps\2.0\Z2JJW27P.L1D\YHMGHCGR.2Q9\gith..tion_317444273a93ac29_0003.0003_5794af8169eeff14;C:\Users\Jacker\AppData\Local\GitHub\lfs-x86_1.5.5;C:\Users\Jacker\AppData\Local\Apps\2.0\Z2JJW27P.L1D\YHMGHCGR.2Q9\gith..tion_317444273a93ac29_0003.0003_5794af8169eeff14\NativeBinaries\x86;Z:\.sys\miniperl\bin;Z:\.sys\php;C:\ProgramData\Oracle\Java\javapath;C:\Windows\system32;C:\Windows;C:\Windows\System32\Wbem;C:\Windows\System32\WindowsPowerShell\v1.0\;c:\Program Files\Microsoft SQL Server\100\Tools\Binn\;c:\Program Files\Microsoft SQL Server\100\DTS\Binn\;C:\Program Files\OpenNI\Bin;C:\Program Files\PrimeSense\NITE\bin;C:\ProgramData\chocolatey\bin;C:\Program Files\nodejs\;C:\Users\Jacker\AppData\Roaming\Cloud Foundry;C:\Program Files\Cloud Foundry;F:\CHI\Brackets\command;c:\users\jacker\appdata\local\enthought\canopy32\user\scripts;C:\Users\Jacker\Anaconda3;C:\Users\Jacker\Anaconda3\Scripts;C:\Users\Jacker\Anaconda3\Library\bin;C:\Users\Jacker\AppData\Local\atom\bin;C:\Users\Jacker\AppData\Roaming\npm;C:\Users\Jacker\AppData\Local\Enthought\Canopy32\User;C:\Users\Jacker\AppData\Local\Enthought\Canopy32\User\Scripts;C:\Windows\Microsoft.NET\Framework\v4.0.30319\
10 verbose lifecycle microblog@0.0.0~start: CWD: F:\shareFrome\WebDev\JavaScrit_Base\NodeJS\microblog
11 silly lifecycle microblog@0.0.0~start: Args: [ '/d /s /c', 'node ./bin/www' ]
12 silly lifecycle microblog@0.0.0~start: Returned: code: 1  signal: null
13 info lifecycle microblog@0.0.0~start: Failed to exec start script
14 verbose stack Error: microblog@0.0.0 start: `node ./bin/www`
14 verbose stack Exit status 1
14 verbose stack     at EventEmitter.<anonymous> (C:\Program Files\nodejs\node_modules\npm\lib\utils\lifecycle.js:255:16)
14 verbose stack     at emitTwo (events.js:106:13)
14 verbose stack     at EventEmitter.emit (events.js:191:7)
14 verbose stack     at ChildProcess.<anonymous> (C:\Program Files\nodejs\node_modules\npm\lib\utils\spawn.js:40:14)
14 verbose stack     at emitTwo (events.js:106:13)
14 verbose stack     at ChildProcess.emit (events.js:191:7)
14 verbose stack     at maybeClose (internal/child_process.js:885:16)
14 verbose stack     at Process.ChildProcess._handle.onexit (internal/child_process.js:226:5)
15 verbose pkgid microblog@0.0.0
16 verbose cwd F:\shareFrome\WebDev\JavaScrit_Base\NodeJS\microblog
17 error Windows_NT 6.2.9200
18 error argv "C:\\Program Files\\nodejs\\node.exe" "C:\\Program Files\\nodejs\\node_modules\\npm\\bin\\npm-cli.js" "start"
19 error node v7.1.0
20 error npm  v3.10.9
21 error code ELIFECYCLE
22 error microblog@0.0.0 start: `node ./bin/www`
22 error Exit status 1
23 error Failed at the microblog@0.0.0 start script 'node ./bin/www'.
23 error Make sure you have the latest version of node.js and npm installed.
23 error If you do, this is most likely a problem with the microblog package,
23 error not with npm itself.
23 error Tell the author that this fails on your system:
23 error     node ./bin/www
23 error You can get information on how to open an issue for this project with:
23 error     npm bugs microblog
23 error Or if that isn't available, you can get their info via:
23 error     npm owner ls microblog
23 error There is likely additional logging output above.
24 verbose exit [ 1, true ]
